<?xml version="1.0" encoding="UTF-8"?>
<testsuite xmlns:xsi="http://www.w3.org/2001/XMLSchema-instance" xsi:noNamespaceSchemaLocation="https://maven.apache.org/surefire/maven-surefire-plugin/xsd/surefire-test-report.xsd" name="edu.lwtech.csd297.teachersfirst.ServiceTests" time="0.03" tests="8" errors="0" skipped="0" failures="0">
  <properties>
[...]
</properties>
  <testcase name="testGetId" classname="edu.lwtech.csd297.teachersfirst.ServiceTests" time="0.003"/>
  <testcase name="testSetDescription" classname="edu.lwtech.csd297.teachersfirst.ServiceTests" time="0.002"/>
  <testcase name="testToString" classname="edu.lwtech.csd297.teachersfirst.ServiceTests" time="0.001"/>
  <testcase name="testGetName" classname="edu.lwtech.csd297.teachersfirst.ServiceTests" time="0.001"/>
  <testcase name="testGetDescription" classname="edu.lwtech.csd297.teachersfirst.ServiceTests" time="0.002"/>
  <testcase name="testEquals" classname="edu.lwtech.csd297.teachersfirst.ServiceTests" time="0.002"/>
  <testcase name="testConstructor" classname="edu.lwtech.csd297.teachersfirst.ServiceTests" time="0.003"/>
  <testcase name="testSetRecID" classname="edu.lwtech.csd297.teachersfirst.ServiceTests" time="0.003"/>
</testsuite>